<?xml version="1.0" encoding="UTF-8"?>
<!-- Generated by org.testng.reporters.JUnitReportReporter -->
<testsuite skipped="0" hostname="Admins-MBP.fios-router.home" name="WebServices.TC_GET_Request" tests="1" failures="0" timestamp="08 Sep 2019 05:07:33 GMT" time="0.008" errors="0">
  <testcase name="getWeatherDetails" time="0.008" classname="WebServices.TC_GET_Request"/>
</testsuite> <!-- WebServices.TC_GET_Request -->
